<?xml version="1.0" encoding="UTF-8"?>
<!-- Generated by org.testng.reporters.JUnitReportReporter -->
<testsuite skipped="0" hostname="INTEL" name="com.test.todo.TestCase1" tests="1" failures="0" timestamp="19 May 2019 05:07:38 GMT" time="8.545" errors="0">
  <testcase name="case1" time="8.545" classname="com.test.todo.TestCase1"/>
</testsuite> <!-- com.test.todo.TestCase1 -->
