<?xml version="1.0" encoding="UTF-8"?>
<!-- Generated by org.testng.reporters.JUnitReportReporter -->
<testsuite skipped="0" hostname="INTEL" name="com.test.todo.AppTest" tests="1" failures="0" timestamp="19 May 2019 05:07:39 GMT" time="0.000" errors="0">
  <testcase name="testApp" time="0.000" classname="com.test.todo.AppTest"/>
</testsuite> <!-- com.test.todo.AppTest -->
